{
  "RSpec": {
    "coverage": {
      "C:/Users/JOAQUIN/Desktop/Uni/Survival-Wisdom/proyecto/server.rb": {
        "lines": [
          1,
          1,
          null,
          null,
          1,
          null,
          1,
          1,
          null,
          1,
          1,
          1,
          1,
          1,
          1,
          1,
          null,
          1,
          1,
          1,
          null,
          null,
          null,
          1,
          47,
          null,
          null,
          1,
          2,
          null,
          null,
          null,
          1,
          3,
          null,
          null,
          null,
          1,
          11,
          11,
          null,
          11,
          null,
          11,
          10,
          10,
          null,
          null,
          1,
          null,
          null,
          null,
          null,
          1,
          38,
          19,
          null,
          null,
          null,
          null,
          null,
          null,
          null,
          null,
          1,
          1,
          null,
          null,
          null,
          1,
          2,
          2,
          2,
          null,
          2,
          null,
          2,
          null,
          1,
          null,
          null,
          null,
          1,
          1,
          1,
          1,
          1,
          null,
          1,
          1,
          1,
          1,
          1,
          1,
          null,
          null,
          null,
          null,
          null,
          1,
          0,
          null,
          null,
          null,
          1,
          1,
          null,
          null,
          null,
          1,
          0,
          0,
          0,
          null,
          0,
          null,
          null,
          null,
          null,
          1,
          0,
          null,
          null,
          null,
          1,
          1,
          null,
          null,
          1,
          1,
          null,
          null,
          1,
          1,
          null,
          null,
          null,
          1,
          null,
          null,
          1,
          1,
          1,
          null,
          null,
          1,
          4,
          1,
          null,
          4,
          1,
          null,
          4,
          1,
          null,
          4,
          1,
          null,
          null,
          null,
          null,
          null,
          1,
          0,
          null,
          1,
          1,
          1,
          1,
          null,
          null,
          1,
          0,
          null,
          0,
          0,
          null,
          null,
          0,
          null,
          null,
          0,
          0,
          0,
          null,
          null,
          null,
          null,
          1,
          null,
          3,
          3,
          null,
          3,
          1,
          null,
          2,
          null,
          3,
          1,
          null,
          2,
          null,
          3,
          1,
          null,
          2,
          null,
          3,
          1,
          null,
          2,
          null,
          null,
          null,
          3,
          3,
          1,
          1,
          1,
          1,
          null,
          null,
          1,
          null,
          2,
          2,
          null,
          null,
          null,
          null,
          null,
          null,
          null,
          1,
          null,
          null,
          0,
          0,
          null,
          null,
          null,
          null,
          1,
          0,
          null,
          null,
          null,
          1,
          1,
          1,
          null
        ]
      },
      "C:/Users/JOAQUIN/Desktop/Uni/Survival-Wisdom/proyecto/models/user.rb": {
        "lines": [
          1,
          null,
          1,
          1,
          1,
          1,
          null,
          null,
          1,
          1,
          null,
          1,
          11,
          11,
          10,
          null,
          null,
          null,
          null,
          null,
          1,
          1,
          null,
          null,
          null
        ]
      },
      "C:/Users/JOAQUIN/Desktop/Uni/Survival-Wisdom/proyecto/models/question.rb": {
        "lines": [
          1,
          1,
          1,
          1,
          null,
          null
        ]
      },
      "C:/Users/JOAQUIN/Desktop/Uni/Survival-Wisdom/proyecto/models/option.rb": {
        "lines": [
          1,
          1,
          1,
          1,
          null
        ]
      },
      "C:/Users/JOAQUIN/Desktop/Uni/Survival-Wisdom/proyecto/models/skill.rb": {
        "lines": [
          1,
          1,
          1,
          null
        ]
      },
      "C:/Users/JOAQUIN/Desktop/Uni/Survival-Wisdom/proyecto/models/guide.rb": {
        "lines": [
          1,
          1,
          null
        ]
      },
      "C:/Users/JOAQUIN/Desktop/Uni/Survival-Wisdom/proyecto/models/bar.rb": {
        "lines": [
          1,
          1,
          1,
          null
        ]
      },
      "C:/Users/JOAQUIN/Desktop/Uni/Survival-Wisdom/proyecto/models/stat.rb": {
        "lines": [
          1,
          1,
          1,
          null
        ]
      },
      "C:/Users/JOAQUIN/Desktop/Uni/Survival-Wisdom/proyecto/spec/test_spec.rb": {
        "lines": [
          1,
          null,
          1,
          1,
          1,
          1,
          null,
          1,
          1,
          null,
          1,
          null,
          32,
          null,
          null,
          null,
          1,
          1,
          1,
          1,
          1,
          1,
          null,
          1,
          1,
          1,
          1,
          1,
          null,
          null,
          1,
          1,
          1,
          1,
          null,
          null,
          null,
          null,
          1,
          1,
          1,
          1,
          1,
          1,
          null,
          null,
          1,
          1,
          1,
          1,
          1,
          1,
          null,
          1,
          1,
          1,
          null,
          null,
          null,
          null,
          1,
          null,
          1,
          null,
          null,
          null,
          null,
          null,
          null,
          null,
          null,
          null,
          null,
          null,
          null,
          null,
          null,
          null,
          null,
          null,
          null,
          1,
          18,
          18,
          18,
          18,
          18,
          null,
          null,
          null,
          null,
          null,
          1,
          1,
          1,
          1,
          null,
          null,
          null,
          1,
          1,
          1,
          1,
          1,
          null,
          null,
          null,
          1,
          1,
          1,
          1,
          1,
          null,
          null,
          null,
          1,
          1,
          1,
          1,
          1,
          null,
          null,
          null,
          1,
          1,
          1,
          1,
          0,
          null,
          null,
          null,
          null,
          1,
          1,
          1,
          1,
          null,
          1,
          null,
          null,
          null,
          null,
          null,
          null,
          null,
          null,
          null,
          1,
          6,
          null,
          null,
          1,
          null,
          1,
          1,
          1,
          1,
          1,
          1,
          1,
          null,
          null,
          null,
          1,
          1,
          3,
          null,
          null,
          3,
          null,
          null,
          null,
          null,
          null,
          null,
          null,
          null,
          null,
          null,
          1,
          8,
          null,
          null,
          4,
          null,
          1,
          3,
          null,
          null,
          1,
          1,
          1,
          1,
          1,
          1,
          null,
          null,
          1,
          1,
          1,
          1,
          1,
          1,
          1,
          null,
          null,
          1,
          1,
          1,
          1,
          1,
          null,
          null,
          null,
          null,
          null,
          null,
          1,
          1,
          1,
          1,
          1,
          null,
          1,
          1,
          1,
          1,
          null,
          1,
          1,
          1,
          1,
          null,
          null,
          null,
          null,
          null
        ]
      }
    },
    "timestamp": 1724769777
  }
}
